2025-05-30 17:08:30,526 [trainer.py] => config: ./exps/vtab.json
2025-05-30 17:08:30,527 [trainer.py] => prefix:  
2025-05-30 17:08:30,527 [trainer.py] => dataset: vtab
2025-05-30 17:08:30,527 [trainer.py] => memory_size: 0
2025-05-30 17:08:30,527 [trainer.py] => memory_per_class: 0
2025-05-30 17:08:30,527 [trainer.py] => fixed_memory: False
2025-05-30 17:08:30,527 [trainer.py] => shuffle: False
2025-05-30 17:08:30,527 [trainer.py] => init_cls: 10
2025-05-30 17:08:30,527 [trainer.py] => increment: 10
2025-05-30 17:08:30,527 [trainer.py] => model_name: cllora
2025-05-30 17:08:30,527 [trainer.py] => backbone_type: vit_base_patch16_224_in21k_cllora
2025-05-30 17:08:30,527 [trainer.py] => device: [device(type='cuda', index=0)]
2025-05-30 17:08:30,527 [trainer.py] => seed: 1993
2025-05-30 17:08:30,527 [trainer.py] => init_epochs: 45
2025-05-30 17:08:30,527 [trainer.py] => init_lr: 0.03
2025-05-30 17:08:30,527 [trainer.py] => later_epochs: 45
2025-05-30 17:08:30,527 [trainer.py] => later_lr: 0.03
2025-05-30 17:08:30,527 [trainer.py] => batch_size: 32
2025-05-30 17:08:30,527 [trainer.py] => weight_decay: 0.0001
2025-05-30 17:08:30,527 [trainer.py] => min_lr: 0
2025-05-30 17:08:30,527 [trainer.py] => optimizer: sgd
2025-05-30 17:08:30,527 [trainer.py] => scheduler: cosine
2025-05-30 17:08:30,527 [trainer.py] => pretrained: True
2025-05-30 17:08:30,527 [trainer.py] => vpt_type: Deep
2025-05-30 17:08:30,527 [trainer.py] => prompt_token_num: 5
2025-05-30 17:08:30,527 [trainer.py] => ffn_num: 10
2025-05-30 17:08:30,527 [trainer.py] => use_diagonal: False
2025-05-30 17:08:30,527 [trainer.py] => recalc_sim: True
2025-05-30 17:08:30,527 [trainer.py] => alpha: 0.0
2025-05-30 17:08:30,527 [trainer.py] => use_init_ptm: False
2025-05-30 17:08:30,528 [trainer.py] => beta: 0
2025-05-30 17:08:30,528 [trainer.py] => use_old_data: False
2025-05-30 17:08:30,528 [trainer.py] => use_reweight: True
2025-05-30 17:08:30,528 [trainer.py] => moni_adam: False
2025-05-30 17:08:30,528 [trainer.py] => adapter_num: -1
2025-05-30 17:08:30,528 [trainer.py] => msa_adapt: True
2025-05-30 17:08:30,528 [trainer.py] => use_distillation: True
2025-05-30 17:08:30,528 [trainer.py] => use_block_weight: True
2025-05-30 17:08:30,528 [trainer.py] => msa: [1, 0, 1]
2025-05-30 17:08:30,528 [trainer.py] => general_pos: [0, 1, 2, 3, 4, 5]
2025-05-30 17:08:30,528 [trainer.py] => specfic_pos: [6, 7, 8, 9, 10, 11]
2025-05-30 17:08:30,560 [data_manager.py] => [0, 1, 2, 3, 4, 5, 6, 7, 8, 9, 10, 11, 12, 13, 14, 15, 16, 17, 18, 19, 20, 21, 22, 23, 24, 25, 26, 27, 28, 29, 30, 31, 32, 33, 34, 35, 36, 37, 38, 39, 40, 41, 42, 43, 44, 45, 46, 47, 48, 49]
2025-05-30 17:08:33,990 [trainer.py] => All params: 86167314
2025-05-30 17:08:33,991 [trainer.py] => Trainable params: 276498
2025-05-30 17:08:33,992 [cllora.py] => Learning on 0-10
2025-05-30 17:10:14,364 [trainer.py] => config: ./exps/vtab.json
2025-05-30 17:10:14,364 [trainer.py] => prefix:  
2025-05-30 17:10:14,364 [trainer.py] => dataset: vtab
2025-05-30 17:10:14,365 [trainer.py] => memory_size: 0
2025-05-30 17:10:14,365 [trainer.py] => memory_per_class: 0
2025-05-30 17:10:14,365 [trainer.py] => fixed_memory: False
2025-05-30 17:10:14,365 [trainer.py] => shuffle: False
2025-05-30 17:10:14,365 [trainer.py] => init_cls: 10
2025-05-30 17:10:14,365 [trainer.py] => increment: 10
2025-05-30 17:10:14,365 [trainer.py] => model_name: cllora
2025-05-30 17:10:14,365 [trainer.py] => backbone_type: vit_base_patch16_224_in21k_cllora
2025-05-30 17:10:14,365 [trainer.py] => device: [device(type='cuda', index=0)]
2025-05-30 17:10:14,365 [trainer.py] => seed: 1993
2025-05-30 17:10:14,365 [trainer.py] => init_epochs: 45
2025-05-30 17:10:14,365 [trainer.py] => init_lr: 0.03
2025-05-30 17:10:14,365 [trainer.py] => later_epochs: 45
2025-05-30 17:10:14,365 [trainer.py] => later_lr: 0.03
2025-05-30 17:10:14,365 [trainer.py] => batch_size: 32
2025-05-30 17:10:14,365 [trainer.py] => weight_decay: 0.0001
2025-05-30 17:10:14,365 [trainer.py] => min_lr: 0
2025-05-30 17:10:14,365 [trainer.py] => optimizer: sgd
2025-05-30 17:10:14,365 [trainer.py] => scheduler: cosine
2025-05-30 17:10:14,365 [trainer.py] => pretrained: True
2025-05-30 17:10:14,365 [trainer.py] => vpt_type: Deep
2025-05-30 17:10:14,365 [trainer.py] => prompt_token_num: 5
2025-05-30 17:10:14,365 [trainer.py] => ffn_num: 10
2025-05-30 17:10:14,365 [trainer.py] => use_diagonal: False
2025-05-30 17:10:14,365 [trainer.py] => recalc_sim: True
2025-05-30 17:10:14,365 [trainer.py] => alpha: 0.0
2025-05-30 17:10:14,366 [trainer.py] => use_init_ptm: False
2025-05-30 17:10:14,366 [trainer.py] => beta: 0
2025-05-30 17:10:14,366 [trainer.py] => use_old_data: False
2025-05-30 17:10:14,366 [trainer.py] => use_reweight: True
2025-05-30 17:10:14,366 [trainer.py] => moni_adam: False
2025-05-30 17:10:14,366 [trainer.py] => adapter_num: -1
2025-05-30 17:10:14,366 [trainer.py] => msa_adapt: True
2025-05-30 17:10:14,366 [trainer.py] => use_distillation: True
2025-05-30 17:10:14,366 [trainer.py] => use_block_weight: True
2025-05-30 17:10:14,366 [trainer.py] => msa: [1, 0, 1]
2025-05-30 17:10:14,366 [trainer.py] => general_pos: [0, 1, 2, 3, 4, 5]
2025-05-30 17:10:14,366 [trainer.py] => specfic_pos: [6, 7, 8, 9, 10, 11]
2025-05-30 17:10:14,399 [data_manager.py] => [0, 1, 2, 3, 4, 5, 6, 7, 8, 9, 10, 11, 12, 13, 14, 15, 16, 17, 18, 19, 20, 21, 22, 23, 24, 25, 26, 27, 28, 29, 30, 31, 32, 33, 34, 35, 36, 37, 38, 39, 40, 41, 42, 43, 44, 45, 46, 47, 48, 49]
2025-05-30 17:10:17,746 [trainer.py] => All params: 86167314
2025-05-30 17:10:17,747 [trainer.py] => Trainable params: 276498
2025-05-30 17:10:17,748 [cllora.py] => Learning on 0-10
2025-05-30 17:11:48,523 [cllora.py] => Task 0, Epoch 45/45 => Loss 0.118, Train_accy 97.29
2025-05-30 17:11:53,375 [cllora.py] => Task correct: 100.0
2025-05-30 17:11:53,376 [cllora.py] => Task acc: 98.5
2025-05-30 17:11:53,398 [trainer.py] => No NME accuracy.
2025-05-30 17:11:53,398 [trainer.py] => CNN: {'total': 98.5, '00-09': 98.5, 'old': 0, 'new': 98.5}
2025-05-30 17:11:53,399 [trainer.py] => CNN top1 curve: [98.5]
2025-05-30 17:11:53,399 [trainer.py] => CNN top5 curve: [99.8]

2025-05-30 17:11:53,399 [trainer.py] => Average Accuracy (CNN): 98.5 

2025-05-30 17:11:53,400 [trainer.py] => All params: 86559015
2025-05-30 17:11:53,401 [trainer.py] => Trainable params: 276498
2025-05-30 17:11:53,402 [cllora.py] => Learning on 10-20
2025-05-30 17:14:08,093 [cllora.py] => Task 1, Epoch 45/45 => Loss 0.043, Train_accy 99.54
2025-05-30 17:14:19,529 [cllora.py] => Task correct: 96.92857142857143
2025-05-30 17:14:19,530 [cllora.py] => Task acc: 94.5
2025-05-30 17:14:19,553 [trainer.py] => No NME accuracy.
2025-05-30 17:14:19,553 [trainer.py] => CNN: {'total': 92.71, '00-09': 94.9, '10-19': 87.25, 'old': 94.9, 'new': 87.25}
2025-05-30 17:14:19,553 [trainer.py] => CNN top1 curve: [98.5, 92.71]
2025-05-30 17:14:19,553 [trainer.py] => CNN top5 curve: [99.8, 98.71]

2025-05-30 17:14:19,554 [trainer.py] => Average Accuracy (CNN): 95.60499999999999 

2025-05-30 17:14:19,555 [trainer.py] => All params: 86966056
2025-05-30 17:14:19,556 [trainer.py] => Trainable params: 276498
2025-05-30 17:14:19,557 [cllora.py] => Learning on 20-30
2025-05-30 17:16:58,811 [cllora.py] => Task 2, Epoch 45/45 => Loss 0.080, Train_accy 99.63
2025-05-30 17:17:24,562 [cllora.py] => Task correct: 98.32285115303984
2025-05-30 17:17:24,562 [cllora.py] => Task acc: 95.01048218029351
2025-05-30 17:17:24,587 [trainer.py] => No NME accuracy.
2025-05-30 17:17:24,587 [trainer.py] => CNN: {'total': 93.79, '00-09': 95.7, '10-19': 87.25, '20-29': 94.52, 'old': 93.29, 'new': 94.52}
2025-05-30 17:17:24,587 [trainer.py] => CNN top1 curve: [98.5, 92.71, 93.79]
2025-05-30 17:17:24,588 [trainer.py] => CNN top5 curve: [99.8, 98.71, 99.25]

2025-05-30 17:17:24,588 [trainer.py] => Average Accuracy (CNN): 95.0 

2025-05-30 17:17:24,589 [trainer.py] => All params: 87388457
2025-05-30 17:17:24,591 [trainer.py] => Trainable params: 276498
2025-05-30 17:17:24,593 [cllora.py] => Learning on 30-40
2025-05-30 17:26:02,252 [cllora.py] => Task 3, Epoch 45/45 => Loss 0.087, Train_accy 97.40
2025-05-30 17:27:47,397 [cllora.py] => Task correct: 97.53371868978806
2025-05-30 17:27:47,397 [cllora.py] => Task acc: 95.56840077071291
2025-05-30 17:27:47,451 [trainer.py] => No NME accuracy.
2025-05-30 17:27:47,451 [trainer.py] => CNN: {'total': 93.83, '00-09': 91.4, '10-19': 82.25, '20-29': 94.31, '30-39': 95.06, 'old': 91.07, 'new': 95.06}
2025-05-30 17:27:47,451 [trainer.py] => CNN top1 curve: [98.5, 92.71, 93.79, 93.83]
2025-05-30 17:27:47,451 [trainer.py] => CNN top5 curve: [99.8, 98.71, 99.25, 99.28]

2025-05-30 17:27:47,451 [trainer.py] => Average Accuracy (CNN): 94.7075 

2025-05-30 17:27:47,455 [trainer.py] => All params: 87826218
2025-05-30 17:27:47,458 [trainer.py] => Trainable params: 276498
2025-05-30 17:27:47,461 [cllora.py] => Learning on 40-50
2025-05-30 17:28:58,887 [cllora.py] => Task 4, Epoch 45/45 => Loss 0.088, Train_accy 98.88
2025-05-30 17:31:08,083 [cllora.py] => Task correct: 97.37788606566887
2025-05-30 17:31:08,084 [cllora.py] => Task acc: 95.89279498781761
2025-05-30 17:31:08,138 [trainer.py] => No NME accuracy.
2025-05-30 17:31:08,138 [trainer.py] => CNN: {'total': 94.0, '00-09': 89.8, '10-19': 82.5, '20-29': 94.42, '30-39': 94.63, '40-49': 100.0, 'old': 93.36, 'new': 100.0}
2025-05-30 17:31:08,138 [trainer.py] => CNN top1 curve: [98.5, 92.71, 93.79, 93.83, 94.0]
2025-05-30 17:31:08,138 [trainer.py] => CNN top5 curve: [99.8, 98.71, 99.25, 99.28, 99.18]

2025-05-30 17:31:08,138 [trainer.py] => Average Accuracy (CNN): 94.566 

2025-05-30 17:43:41,634 [trainer.py] => config: ./exps/vtab.json
2025-05-30 17:43:41,634 [trainer.py] => prefix:  
2025-05-30 17:43:41,634 [trainer.py] => dataset: vtab
2025-05-30 17:43:41,634 [trainer.py] => memory_size: 0
2025-05-30 17:43:41,634 [trainer.py] => memory_per_class: 0
2025-05-30 17:43:41,635 [trainer.py] => fixed_memory: False
2025-05-30 17:43:41,635 [trainer.py] => shuffle: False
2025-05-30 17:43:41,635 [trainer.py] => init_cls: 10
2025-05-30 17:43:41,635 [trainer.py] => increment: 10
2025-05-30 17:43:41,635 [trainer.py] => model_name: cllora
2025-05-30 17:43:41,635 [trainer.py] => backbone_type: vit_base_patch16_224_in21k_cllora
2025-05-30 17:43:41,635 [trainer.py] => device: [device(type='cuda', index=0)]
2025-05-30 17:43:41,635 [trainer.py] => seed: 1993
2025-05-30 17:43:41,635 [trainer.py] => init_epochs: 45
2025-05-30 17:43:41,635 [trainer.py] => init_lr: 0.03
2025-05-30 17:43:41,635 [trainer.py] => later_epochs: 45
2025-05-30 17:43:41,635 [trainer.py] => later_lr: 0.03
2025-05-30 17:43:41,635 [trainer.py] => batch_size: 32
2025-05-30 17:43:41,635 [trainer.py] => weight_decay: 0.0001
2025-05-30 17:43:41,635 [trainer.py] => min_lr: 0
2025-05-30 17:43:41,635 [trainer.py] => optimizer: sgd
2025-05-30 17:43:41,635 [trainer.py] => scheduler: cosine
2025-05-30 17:43:41,635 [trainer.py] => pretrained: True
2025-05-30 17:43:41,635 [trainer.py] => vpt_type: Deep
2025-05-30 17:43:41,635 [trainer.py] => prompt_token_num: 5
2025-05-30 17:43:41,635 [trainer.py] => ffn_num: 10
2025-05-30 17:43:41,635 [trainer.py] => use_diagonal: False
2025-05-30 17:43:41,635 [trainer.py] => recalc_sim: True
2025-05-30 17:43:41,635 [trainer.py] => alpha: 0.0
2025-05-30 17:43:41,635 [trainer.py] => use_init_ptm: False
2025-05-30 17:43:41,635 [trainer.py] => beta: 0
2025-05-30 17:43:41,635 [trainer.py] => use_old_data: False
2025-05-30 17:43:41,635 [trainer.py] => use_reweight: True
2025-05-30 17:43:41,636 [trainer.py] => moni_adam: False
2025-05-30 17:43:41,636 [trainer.py] => adapter_num: -1
2025-05-30 17:43:41,636 [trainer.py] => msa_adapt: True
2025-05-30 17:43:41,636 [trainer.py] => use_distillation: True
2025-05-30 17:43:41,636 [trainer.py] => use_block_weight: True
2025-05-30 17:43:41,636 [trainer.py] => msa: [1, 0, 1]
2025-05-30 17:43:41,636 [trainer.py] => general_pos: [0, 1, 2, 3, 4, 5]
2025-05-30 17:43:41,636 [trainer.py] => specfic_pos: [6, 7, 8, 9, 10, 11]
2025-05-30 17:43:41,668 [data_manager.py] => [0, 1, 2, 3, 4, 5, 6, 7, 8, 9, 10, 11, 12, 13, 14, 15, 16, 17, 18, 19, 20, 21, 22, 23, 24, 25, 26, 27, 28, 29, 30, 31, 32, 33, 34, 35, 36, 37, 38, 39, 40, 41, 42, 43, 44, 45, 46, 47, 48, 49]
2025-05-30 17:44:01,333 [trainer.py] => config: ./exps/vtab.json
2025-05-30 17:44:01,333 [trainer.py] => prefix:  
2025-05-30 17:44:01,333 [trainer.py] => dataset: vtab
2025-05-30 17:44:01,333 [trainer.py] => memory_size: 0
2025-05-30 17:44:01,333 [trainer.py] => memory_per_class: 0
2025-05-30 17:44:01,333 [trainer.py] => fixed_memory: False
2025-05-30 17:44:01,333 [trainer.py] => shuffle: False
2025-05-30 17:44:01,333 [trainer.py] => init_cls: 10
2025-05-30 17:44:01,333 [trainer.py] => increment: 10
2025-05-30 17:44:01,333 [trainer.py] => model_name: cllora
2025-05-30 17:44:01,333 [trainer.py] => backbone_type: vit_base_patch16_224_in21k_cllora
2025-05-30 17:44:01,333 [trainer.py] => device: [device(type='cuda', index=0)]
2025-05-30 17:44:01,333 [trainer.py] => seed: 1993
2025-05-30 17:44:01,333 [trainer.py] => init_epochs: 45
2025-05-30 17:44:01,333 [trainer.py] => init_lr: 0.03
2025-05-30 17:44:01,333 [trainer.py] => later_epochs: 45
2025-05-30 17:44:01,333 [trainer.py] => later_lr: 0.03
2025-05-30 17:44:01,333 [trainer.py] => batch_size: 32
2025-05-30 17:44:01,333 [trainer.py] => weight_decay: 0.0001
2025-05-30 17:44:01,333 [trainer.py] => min_lr: 0
2025-05-30 17:44:01,333 [trainer.py] => optimizer: sgd
2025-05-30 17:44:01,334 [trainer.py] => scheduler: cosine
2025-05-30 17:44:01,334 [trainer.py] => pretrained: True
2025-05-30 17:44:01,334 [trainer.py] => vpt_type: Deep
2025-05-30 17:44:01,334 [trainer.py] => prompt_token_num: 5
2025-05-30 17:44:01,334 [trainer.py] => ffn_num: 10
2025-05-30 17:44:01,334 [trainer.py] => use_diagonal: False
2025-05-30 17:44:01,334 [trainer.py] => recalc_sim: True
2025-05-30 17:44:01,334 [trainer.py] => alpha: 0.0
2025-05-30 17:44:01,334 [trainer.py] => use_init_ptm: False
2025-05-30 17:44:01,334 [trainer.py] => beta: 0
2025-05-30 17:44:01,334 [trainer.py] => use_old_data: False
2025-05-30 17:44:01,334 [trainer.py] => use_reweight: True
2025-05-30 17:44:01,334 [trainer.py] => moni_adam: False
2025-05-30 17:44:01,334 [trainer.py] => adapter_num: -1
2025-05-30 17:44:01,334 [trainer.py] => msa_adapt: True
2025-05-30 17:44:01,334 [trainer.py] => use_distillation: True
2025-05-30 17:44:01,334 [trainer.py] => use_block_weight: True
2025-05-30 17:44:01,334 [trainer.py] => msa: [1, 0, 1]
2025-05-30 17:44:01,334 [trainer.py] => general_pos: [0, 1, 2, 3, 4, 5]
2025-05-30 17:44:01,334 [trainer.py] => specfic_pos: [6, 7, 8, 9, 10, 11]
2025-05-30 17:44:01,366 [data_manager.py] => [0, 1, 2, 3, 4, 5, 6, 7, 8, 9, 10, 11, 12, 13, 14, 15, 16, 17, 18, 19, 20, 21, 22, 23, 24, 25, 26, 27, 28, 29, 30, 31, 32, 33, 34, 35, 36, 37, 38, 39, 40, 41, 42, 43, 44, 45, 46, 47, 48, 49]
2025-05-30 17:44:04,715 [trainer.py] => All params: 86167314
2025-05-30 17:44:04,716 [trainer.py] => Trainable params: 276498
2025-05-30 17:44:04,717 [cllora.py] => Learning on 0-10
2025-05-30 17:45:36,596 [cllora.py] => Task 0, Epoch 45/45 => Loss 0.118, Train_accy 97.29
2025-05-30 17:45:41,676 [cllora.py] => Task correct: 100.0
2025-05-30 17:45:41,676 [cllora.py] => Task acc: 98.5
2025-05-30 17:45:41,698 [trainer.py] => No NME accuracy.
2025-05-30 17:45:41,698 [trainer.py] => CNN: {'total': 98.5, '00-09': 98.5, 'old': 0, 'new': 98.5}
2025-05-30 17:45:41,698 [trainer.py] => CNN top1 curve: [98.5]
2025-05-30 17:45:41,698 [trainer.py] => CNN top5 curve: [99.8]

2025-05-30 17:45:41,698 [trainer.py] => Average Accuracy (CNN): 98.5 

2025-05-30 17:45:41,699 [trainer.py] => All params: 86559015
2025-05-30 17:45:41,700 [trainer.py] => Trainable params: 276498
2025-05-30 17:45:41,701 [cllora.py] => Learning on 10-20
2025-05-30 17:47:56,521 [cllora.py] => Task 1, Epoch 45/45 => Loss 0.043, Train_accy 99.54
2025-05-30 17:48:07,933 [cllora.py] => Task correct: 96.92857142857143
2025-05-30 17:48:07,936 [cllora.py] => Task acc: 94.5
2025-05-30 17:48:07,959 [trainer.py] => No NME accuracy.
2025-05-30 17:48:07,959 [trainer.py] => CNN: {'total': 92.71, '00-09': 94.9, '10-19': 87.25, 'old': 94.9, 'new': 87.25}
2025-05-30 17:48:07,959 [trainer.py] => CNN top1 curve: [98.5, 92.71]
2025-05-30 17:48:07,959 [trainer.py] => CNN top5 curve: [99.8, 98.71]

2025-05-30 17:48:07,959 [trainer.py] => Average Accuracy (CNN): 95.60499999999999 

2025-05-30 17:48:07,960 [trainer.py] => All params: 86966056
2025-05-30 17:48:07,962 [trainer.py] => Trainable params: 276498
2025-05-30 17:48:07,963 [cllora.py] => Learning on 20-30
2025-05-30 17:50:47,694 [cllora.py] => Task 2, Epoch 45/45 => Loss 0.080, Train_accy 99.63
2025-05-30 17:51:13,540 [cllora.py] => Task correct: 98.32285115303984
2025-05-30 17:51:13,541 [cllora.py] => Task acc: 95.01048218029351
2025-05-30 17:51:13,588 [trainer.py] => No NME accuracy.
2025-05-30 17:51:13,588 [trainer.py] => CNN: {'total': 93.79, '00-09': 95.7, '10-19': 87.25, '20-29': 94.52, 'old': 93.29, 'new': 94.52}
2025-05-30 17:51:13,588 [trainer.py] => CNN top1 curve: [98.5, 92.71, 93.79]
2025-05-30 17:51:13,588 [trainer.py] => CNN top5 curve: [99.8, 98.71, 99.25]

2025-05-30 17:51:13,589 [trainer.py] => Average Accuracy (CNN): 95.0 

2025-05-30 17:51:13,591 [trainer.py] => All params: 87388457
2025-05-30 17:51:13,594 [trainer.py] => Trainable params: 276498
2025-05-30 17:51:13,596 [cllora.py] => Learning on 30-40
2025-05-30 17:59:52,108 [cllora.py] => Task 3, Epoch 45/45 => Loss 0.087, Train_accy 97.40
2025-05-30 18:01:37,324 [cllora.py] => Task correct: 97.53371868978806
2025-05-30 18:01:37,324 [cllora.py] => Task acc: 95.56840077071291
2025-05-30 18:01:37,351 [trainer.py] => No NME accuracy.
2025-05-30 18:01:37,351 [trainer.py] => CNN: {'total': 93.83, '00-09': 91.4, '10-19': 82.25, '20-29': 94.31, '30-39': 95.06, 'old': 91.07, 'new': 95.06}
2025-05-30 18:01:37,351 [trainer.py] => CNN top1 curve: [98.5, 92.71, 93.79, 93.83]
2025-05-30 18:01:37,351 [trainer.py] => CNN top5 curve: [99.8, 98.71, 99.25, 99.28]

2025-05-30 18:01:37,351 [trainer.py] => Average Accuracy (CNN): 94.7075 

2025-05-30 18:01:37,352 [trainer.py] => All params: 87826218
2025-05-30 18:01:37,354 [trainer.py] => Trainable params: 276498
2025-05-30 18:01:37,356 [cllora.py] => Learning on 40-50
